<?xml version="1.0" encoding="UTF-8"?>
<!-- Generated by org.testng.reporters.JUnitXMLReporter -->
<testsuite ignored="13" hostname="DESKTOP-BBHQ9GM" failures="0" tests="1" name="Default test" time="7.884" errors="0" timestamp="2025-05-03T20:57:01 EET">
  <testcase classname="AutomationSimiFinalProject.AutomationSimiFinalProject.AppTest" name="Download" time="0.679"/>
  <testcase classname="AutomationSimiFinalProject.AutomationSimiFinalProject.AppTest" name="calender" time="0.0">
    <ignored/>
  </testcase> <!-- calender -->
  <testcase classname="AutomationSimiFinalProject.AutomationSimiFinalProject.AppTest" name="window__Example" time="0.0">
    <ignored/>
  </testcase> <!-- window__Example -->
  <testcase classname="AutomationSimiFinalProject.AutomationSimiFinalProject.AppTest" name="HideAndShow" time="0.0">
    <ignored/>
  </testcase> <!-- HideAndShow -->
  <testcase classname="AutomationSimiFinalProject.AutomationSimiFinalProject.AppTest" name="TableTest" time="0.0">
    <ignored/>
  </testcase> <!-- TableTest -->
  <testcase classname="AutomationSimiFinalProject.AutomationSimiFinalProject.AppTest" name="selectTag" time="0.0">
    <ignored/>
  </testcase> <!-- selectTag -->
  <testcase classname="AutomationSimiFinalProject.AutomationSimiFinalProject.AppTest" name="Iframe" time="0.0">
    <ignored/>
  </testcase> <!-- Iframe -->
  <testcase classname="AutomationSimiFinalProject.AutomationSimiFinalProject.AppTest" name="EnableAndDisable" time="0.0">
    <ignored/>
  </testcase> <!-- EnableAndDisable -->
  <testcase classname="AutomationSimiFinalProject.AutomationSimiFinalProject.AppTest" name="AlertTest" time="0.0">
    <ignored/>
  </testcase> <!-- AlertTest -->
  <testcase classname="AutomationSimiFinalProject.AutomationSimiFinalProject.AppTest" name="Switch_Tab_Example" time="0.0">
    <ignored/>
  </testcase> <!-- Switch_Tab_Example -->
  <testcase classname="AutomationSimiFinalProject.AutomationSimiFinalProject.AppTest" name="autoCompleteTest" time="0.0">
    <ignored/>
  </testcase> <!-- autoCompleteTest -->
  <testcase classname="AutomationSimiFinalProject.AutomationSimiFinalProject.AppTest" name="MouseHover" time="0.0">
    <ignored/>
  </testcase> <!-- MouseHover -->
  <testcase classname="AutomationSimiFinalProject.AutomationSimiFinalProject.AppTest" name="CheckBoxTest" time="0.0">
    <ignored/>
  </testcase> <!-- CheckBoxTest -->
  <testcase classname="AutomationSimiFinalProject.AutomationSimiFinalProject.AppTest" name="RadioButton" time="0.0">
    <ignored/>
  </testcase> <!-- RadioButton -->
</testsuite> <!-- Default test -->
