<?xml version="1.0" encoding="UTF-8"?>
<testng-results ignored="13" total="14" passed="1" failed="0" skipped="0">
  <reporter-output>
  </reporter-output>
  <suite started-at="2025-05-03T20:56:53 EET" name="Default suite" finished-at="2025-05-03T20:57:01 EET" duration-ms="7884">
    <groups>
    </groups>
    <test started-at="2025-05-03T20:56:53 EET" name="Default test" finished-at="2025-05-03T20:57:01 EET" duration-ms="7884">
      <class name="AutomationSimiFinalProject.AutomationSimiFinalProject.AppTest">
        <test-method is-config="true" signature="myTest()[pri:0, instance:AutomationSimiFinalProject.AutomationSimiFinalProject.AppTest@1d131e1b]" started-at="2025-05-03T20:56:53 EET" name="myTest" finished-at="2025-05-03T20:57:01 EET" duration-ms="7179" status="PASS">
          <reporter-output>
          </reporter-output>
        </test-method> <!-- myTest -->
        <test-method signature="Download()[pri:14, instance:AutomationSimiFinalProject.AutomationSimiFinalProject.AppTest@1d131e1b]" started-at="2025-05-03T20:57:01 EET" name="Download" finished-at="2025-05-03T20:57:01 EET" duration-ms="679" status="PASS">
          <reporter-output>
          </reporter-output>
        </test-method> <!-- Download -->
      </class> <!-- AutomationSimiFinalProject.AutomationSimiFinalProject.AppTest -->
    </test> <!-- Default test -->
  </suite> <!-- Default suite -->
</testng-results>
