<?xml version="1.0" encoding="UTF-8"?>
<!-- Generated by org.testng.reporters.JUnitReportReporter -->
<testsuite hostname="DESKTOP-BBHQ9GM" failures="0" tests="14" name="AutomationSimiFinalProject.AutomationSimiFinalProject.AppTest" time="0.679" errors="0" timestamp="2025-05-03T20:57:01 EET" skipped="13">
  <testcase classname="AutomationSimiFinalProject.AutomationSimiFinalProject.AppTest" name="Download" time="0.679"/>
  <testcase classname="AutomationSimiFinalProject.AutomationSimiFinalProject.AppTest" name="calender">
    <skipped/>
  </testcase> <!-- calender -->
  <testcase classname="AutomationSimiFinalProject.AutomationSimiFinalProject.AppTest" name="window__Example">
    <skipped/>
  </testcase> <!-- window__Example -->
  <testcase classname="AutomationSimiFinalProject.AutomationSimiFinalProject.AppTest" name="HideAndShow">
    <skipped/>
  </testcase> <!-- HideAndShow -->
  <testcase classname="AutomationSimiFinalProject.AutomationSimiFinalProject.AppTest" name="TableTest">
    <skipped/>
  </testcase> <!-- TableTest -->
  <testcase classname="AutomationSimiFinalProject.AutomationSimiFinalProject.AppTest" name="selectTag">
    <skipped/>
  </testcase> <!-- selectTag -->
  <testcase classname="AutomationSimiFinalProject.AutomationSimiFinalProject.AppTest" name="Iframe">
    <skipped/>
  </testcase> <!-- Iframe -->
  <testcase classname="AutomationSimiFinalProject.AutomationSimiFinalProject.AppTest" name="EnableAndDisable">
    <skipped/>
  </testcase> <!-- EnableAndDisable -->
  <testcase classname="AutomationSimiFinalProject.AutomationSimiFinalProject.AppTest" name="AlertTest">
    <skipped/>
  </testcase> <!-- AlertTest -->
  <testcase classname="AutomationSimiFinalProject.AutomationSimiFinalProject.AppTest" name="Switch_Tab_Example">
    <skipped/>
  </testcase> <!-- Switch_Tab_Example -->
  <testcase classname="AutomationSimiFinalProject.AutomationSimiFinalProject.AppTest" name="autoCompleteTest">
    <skipped/>
  </testcase> <!-- autoCompleteTest -->
  <testcase classname="AutomationSimiFinalProject.AutomationSimiFinalProject.AppTest" name="MouseHover">
    <skipped/>
  </testcase> <!-- MouseHover -->
  <testcase classname="AutomationSimiFinalProject.AutomationSimiFinalProject.AppTest" name="CheckBoxTest">
    <skipped/>
  </testcase> <!-- CheckBoxTest -->
  <testcase classname="AutomationSimiFinalProject.AutomationSimiFinalProject.AppTest" name="RadioButton">
    <skipped/>
  </testcase> <!-- RadioButton -->
</testsuite> <!-- AutomationSimiFinalProject.AutomationSimiFinalProject.AppTest -->
